#-----------------------------------------------------------
# Vivado v2014.2 (64-bit)
# SW Build 932637 on Wed Jun 11 13:33:10 MDT 2014
# IP Build 924643 on Fri May 30 09:20:16 MDT 2014
# Start of session at: Mon Jun 22 18:31:59 2015
# Process ID: 5468
# Log file: D:/study/embled/project_BOSS_3/project_BOSS_3.sdk/webtalk/vivado.log
# Journal file: D:/study/embled/project_BOSS_3/project_BOSS_3.sdk/webtalk\vivado.jou
#-----------------------------------------------------------
source sdk.tcl
# webtalk_init -webtalk_dir D:\\study\\embled\\project_BOSS_3\\project_BOSS_3.sdk\\webtalk
# webtalk_register_client -client project
# webtalk_add_data -client project -key date_generated -value "ÐÇÆÚÒ» ÁùÔÂ 22 18:31:53 2015" -context "software_version_and_target_device"
# webtalk_add_data -client project -key product_version -value "SDK v2014.2" -context "software_version_and_target_device"
# webtalk_add_data -client project -key build_version -value "2014.2" -context "software_version_and_target_device"
# webtalk_add_data -client project -key os_platform -value "amd64" -context "software_version_and_target_device"
# webtalk_add_data -client project -key registration_id -value "207600880_1777491182_0_870" -context "software_version_and_target_device"
# webtalk_add_data -client project -key tool_flow -value "SDK" -context "software_version_and_target_device"
# webtalk_add_data -client project -key beta -value "false" -context "software_version_and_target_device"
# webtalk_add_data -client project -key route_design -value "NA" -context "software_version_and_target_device"
# webtalk_add_data -client project -key target_family -value "NA" -context "software_version_and_target_device"
# webtalk_add_data -client project -key target_device -value "NA" -context "software_version_and_target_device"
# webtalk_add_data -client project -key target_package -value "NA" -context "software_version_and_target_device"
# webtalk_add_data -client project -key target_speed -value "NA" -context "software_version_and_target_device"
# webtalk_add_data -client project -key random_id -value "67nc5r09ol4iotqrs24klshj6f" -context "software_version_and_target_device"
# webtalk_add_data -client project -key project_id -value "2014.2_13" -context "software_version_and_target_device"
# webtalk_add_data -client project -key project_iteration -value "13" -context "software_version_and_target_device"
# webtalk_add_data -client project -key os_name -value "Microsoft Windows 7 , 64-bit" -context "user_environment"
# webtalk_add_data -client project -key os_release -value "Service Pack 1  (build 7601)" -context "user_environment"
# webtalk_add_data -client project -key cpu_name -value "Intel(R) Core(TM) i3-3120M CPU @ 2.50GHz" -context "user_environment"
# webtalk_add_data -client project -key cpu_speed -value "2494 MHz" -context "user_environment"
# webtalk_add_data -client project -key total_processors -value "1" -context "user_environment"
# webtalk_add_data -client project -key system_ram -value "4.000 GB" -context "user_environment"
# webtalk_register_client -client sdk
# webtalk_add_data -client sdk -key uid -value "1434968889803" -context "sdk\\\\hardware/1434968889803"
# webtalk_add_data -client sdk -key isZynq -value "true" -context "sdk\\\\hardware/1434968889803"
# webtalk_add_data -client sdk -key Processors -value "2" -context "sdk\\\\hardware/1434968889803"
# webtalk_add_data -client sdk -key VivadoVersion -value "2014.2" -context "sdk\\\\hardware/1434968889803"
# webtalk_add_data -client sdk -key Arch -value "zynq" -context "sdk\\\\hardware/1434968889803"
# webtalk_add_data -client sdk -key Device -value "7z010" -context "sdk\\\\hardware/1434968889803"
# webtalk_add_data -client sdk -key IsHandoff -value "true" -context "sdk\\\\hardware/1434968889803"
# webtalk_transmit -clientid 2570781586 -regid "207600880_1777491182_0_870" -xml D:\\study\\embled\\project_BOSS_3\\project_BOSS_3.sdk\\webtalk\\usage_statistics_ext_sdk.xml -html D:\\study\\embled\\project_BOSS_3\\project_BOSS_3.sdk\\webtalk\\usage_statistics_ext_sdk.html -wdm D:\\study\\embled\\project_BOSS_3\\project_BOSS_3.sdk\\webtalk\\sdk.wdm -intro "<H3>SDK Usage Report</H3><BR>"
INFO: [Common 17-185] WebTalk report has not been sent to Xilinx. Please check your network and proxy settings.
webtalk_transmit: Time (s): cpu = 00:00:00 ; elapsed = 00:00:06 . Memory (MB): peak = 173.738 ; gain = 0.000

    while executing
"webtalk_transmit -clientid 2570781586 -regid "207600880_1777491182_0_870" -xml D:\\study\\embled\\project_BOSS_3\\project_BOSS_3.sdk\\webtalk\\usage_s..."
    (file "sdk.tcl" line 32)
INFO: [Common 17-206] Exiting Vivado at Mon Jun 22 18:32:08 2015...
